<?xml version="1.0" encoding="UTF-8"?>
<testng-results ignored="0" total="1" passed="1" failed="0" skipped="0">
  <reporter-output>
  </reporter-output>
  <suite started-at="2026-05-04T22:53:16 IST" name="Default suite" finished-at="2026-05-04T22:53:16 IST" duration-ms="352">
    <groups>
    </groups>
    <test started-at="2026-05-04T22:53:16 IST" name="Default test" finished-at="2026-05-04T22:53:16 IST" duration-ms="352">
      <class name="ones.Dem">
        <test-method is-config="true" signature="start()[pri:0, instance:ones.Dem@402bba4f]" started-at="2026-05-04T22:53:13 IST" name="start" finished-at="2026-05-04T22:53:16 IST" duration-ms="2635" status="PASS">
          <reporter-output>
          </reporter-output>
        </test-method> <!-- start -->
        <test-method signature="testName()[pri:0, instance:ones.Dem@402bba4f]" started-at="2026-05-04T22:53:16 IST" name="testName" finished-at="2026-05-04T22:53:16 IST" duration-ms="265" status="PASS">
          <reporter-output>
          </reporter-output>
        </test-method> <!-- testName -->
      </class> <!-- ones.Dem -->
    </test> <!-- Default test -->
  </suite> <!-- Default suite -->
</testng-results>
