<?xml version="1.0" encoding="UTF-8"?>
<testng-results ignored="0" total="1" passed="1" failed="0" skipped="0">
  <reporter-output>
  </reporter-output>
  <suite started-at="2026-05-16T18:09:51 IST" name="Default suite" finished-at="2026-05-16T18:09:52 IST" duration-ms="346">
    <groups>
    </groups>
    <test started-at="2026-05-16T18:09:51 IST" name="Default test" finished-at="2026-05-16T18:09:52 IST" duration-ms="346">
      <class name="tests.Demo">
        <test-method is-config="true" signature="suite()[pri:0, instance:tests.Demo@498d318c]" started-at="2026-05-16T18:09:50 IST" name="suite" finished-at="2026-05-16T18:09:51 IST" duration-ms="968" status="PASS">
          <reporter-output>
          </reporter-output>
        </test-method> <!-- suite -->
        <test-method is-config="true" signature="initiates()[pri:0, instance:tests.Demo@498d318c]" started-at="2026-05-16T18:09:51 IST" name="initiates" finished-at="2026-05-16T18:09:52 IST" duration-ms="314" status="PASS">
          <reporter-output>
          </reporter-output>
        </test-method> <!-- initiates -->
        <test-method signature="testName()[pri:0, instance:tests.Demo@498d318c]" started-at="2026-05-16T18:09:52 IST" name="testName" finished-at="2026-05-16T18:09:52 IST" duration-ms="4" status="PASS">
          <reporter-output>
          </reporter-output>
        </test-method> <!-- testName -->
      </class> <!-- tests.Demo -->
    </test> <!-- Default test -->
  </suite> <!-- Default suite -->
</testng-results>
